c:\users\nikit\source\repos\lab4\lab4\x64\debug\vc143.pdb
c:\users\nikit\source\repos\lab4\lab4\x64\debug\vc143.idb
c:\users\nikit\source\repos\lab4\lab4\x64\debug\triad.obj
c:\users\nikit\source\repos\lab4\lab4\x64\debug\lab4_main.obj
c:\users\nikit\source\repos\lab4\lab4\x64\debug\time.obj
c:\users\nikit\source\repos\lab4\x64\debug\lab4.exe
c:\users\nikit\source\repos\lab4\lab4\x64\debug\lab4.ilk
c:\users\nikit\source\repos\lab4\x64\debug\lab4.pdb
c:\users\nikit\source\repos\lab5\lab4\x64\debug\car.obj
c:\users\nikit\source\repos\lab5\lab4\x64\debug\lab4_main.obj
c:\users\nikit\source\repos\lab5\lab4\x64\debug\lorry.obj
c:\users\nikit\source\repos\lab5\lab4\x64\debug\time.obj
c:\users\nikit\source\repos\lab5\lab4\x64\debug\triad.obj
c:\users\nikit\source\repos\lab5\lab4\x64\debug\lab4.ilk
c:\users\nikit\source\repos\lab5\lab4\x64\debug\vc143.idb
c:\users\nikit\source\repos\lab5\lab4\x64\debug\vc143.pdb
c:\users\nikit\source\repos\lab5\x64\debug\lab4.pdb
c:\users\nikit\source\repos\lab5\x64\debug\lab4.exe
c:\users\nikit\source\repos\lab5\lab4\x64\debug\lab4.tlog\cl.command.1.tlog
c:\users\nikit\source\repos\lab5\lab4\x64\debug\lab4.tlog\cl.read.1.tlog
c:\users\nikit\source\repos\lab5\lab4\x64\debug\lab4.tlog\cl.write.1.tlog
c:\users\nikit\source\repos\lab5\lab4\x64\debug\lab4.tlog\link.command.1.tlog
c:\users\nikit\source\repos\lab5\lab4\x64\debug\lab4.tlog\link.read.1.tlog
c:\users\nikit\source\repos\lab5\lab4\x64\debug\lab4.tlog\link.write.1.tlog
